<?xml version="1.0" encoding="UTF-8"?>
<!-- Generated by org.testng.reporters.JUnitReportReporter -->
<testsuite skipped="0" hostname="user-PC" name="com.qaclick.RestapiTest" tests="2" failures="0" timestamp="09 Apr 2020 12:48:53 GMT" time="0.001" errors="0">
  <testcase name="deleteTwitter" time="0.000" classname="com.qaclick.RestapiTest"/>
  <testcase name="addJira" time="0.001" classname="com.qaclick.RestapiTest"/>
</testsuite> <!-- com.qaclick.RestapiTest -->
