<?xml version="1.0" encoding="UTF-8"?>
<!-- Generated by org.testng.reporters.JUnitReportReporter -->
<testsuite skipped="0" hostname="user-PC" name="com.qaclick.SeleniumTest" tests="2" failures="0" timestamp="09 Apr 2020 12:48:53 GMT" time="0.009" errors="0">
  <testcase name="Elementsui" time="0.001" classname="com.qaclick.SeleniumTest"/>
  <testcase name="Browserautomation" time="0.008" classname="com.qaclick.SeleniumTest"/>
</testsuite> <!-- com.qaclick.SeleniumTest -->
