<?xml version="1.0" encoding="UTF-8"?>
<!-- Generated by org.testng.reporters.JUnitReportReporter -->
<testsuite skipped="0" hostname="user-PC" name="com.qaclick.AppiumTest" tests="2" failures="0" timestamp="09 Apr 2020 12:47:15 GMT" time="0.011" errors="0">
  <testcase name="MobilePosetive" time="0.011" classname="com.qaclick.AppiumTest"/>
  <testcase name="Mobilenegative" time="0.000" classname="com.qaclick.AppiumTest"/>
</testsuite> <!-- com.qaclick.AppiumTest -->
